{"failedCount":2,"prefixedPath":"classpath:acceptance\/test\/java\/features\/prueba-tecnica.feature","packageQualifiedName":"acceptance.test.java.features.prueba-tecnica","loopIndex":-1,"relativePath":"acceptance\/test\/java\/features\/prueba-tecnica.feature","scenarioResults":[{"sectionIndex":0,"stepResults":[{"result":{"nanos":0,"errorMessage":"Could not find option with name js.ecmascript-version.\nclasspath:acceptance\/test\/java\/features\/prueba-tecnica.feature:92","millis":0.0,"status":"failed"},"step":{"endLine":0,"line":92,"prefix":"*","index":-1,"text":"scenario [run] failed"},"stepLog":"Could not find option with name js.ecmascript-version.22:07:45.494 scenario [run] failed\njava.lang.IllegalArgumentException: Could not find option with name js.ecmascript-version.\r\n\tat org.graalvm.truffle\/com.oracle.truffle.polyglot.PolyglotEngineException.illegalArgument(PolyglotEngineException.java:131)\r\n\tat org.graalvm.truffle\/com.oracle.truffle.polyglot.OptionValuesImpl.failNotFound(OptionValuesImpl.java:274)\r\n\tat org.graalvm.truffle\/com.oracle.truffle.polyglot.PolyglotContextConfig.findObjectForContextOption(PolyglotContextConfig.java:479)\r\n\tat org.graalvm.truffle\/com.oracle.truffle.polyglot.PolyglotContextConfig.<init>(PolyglotContextConfig.java:284)\r\n\tat org.graalvm.truffle\/com.oracle.truffle.polyglot.PolyglotEngineImpl.createContext(PolyglotEngineImpl.java:1740)\r\n\tat org.graalvm.truffle\/com.oracle.truffle.polyglot.PolyglotEngineDispatch.createContext(PolyglotEngineDispatch.java:162)\r\n\tat org.graalvm.sdk\/org.graalvm.polyglot.Context$Builder.build(Context.java:1861)\r\n\tat com.intuit.karate.graal.JsEngine.createContext(JsEngine.java:79)\r\n\tat com.intuit.karate.graal.JsEngine.access$000(JsEngine.java:47)\r\n\tat com.intuit.karate.graal.JsEngine$1.initialValue(JsEngine.java:63)\r\n\tat com.intuit.karate.graal.JsEngine$1.initialValue(JsEngine.java:60)\r\n\tat java.base\/java.lang.ThreadLocal.setInitialValue(ThreadLocal.java:195)\r\n\tat java.base\/java.lang.ThreadLocal.get(ThreadLocal.java:172)\r\n\tat com.intuit.karate.graal.JsEngine.local(JsEngine.java:99)\r\n\tat com.intuit.karate.core.ScenarioEngine.init(ScenarioEngine.java:1128)\r\n\tat com.intuit.karate.core.ScenarioRuntime.beforeRun(ScenarioRuntime.java:365)\r\n\tat com.intuit.karate.core.ScenarioRuntime.run(ScenarioRuntime.java:391)\r\n\tat com.intuit.karate.core.FeatureRuntime.processScenario(FeatureRuntime.java:199)\r\n\tat java.base\/java.util.Iterator.forEachRemaining(Iterator.java:133)\r\n\tat com.intuit.karate.core.FeatureRuntime.run(FeatureRuntime.java:182)\r\n\tat java.base\/java.util.concurrent.Executors$RunnableAdapter.call(Executors.java:515)\r\n\tat java.base\/java.util.concurrent.FutureTask.run(FutureTask.java:264)\r\n\tat com.intuit.karate.core.SyncExecutorService.execute(SyncExecutorService.java:70)\r\n\tat java.base\/java.util.concurrent.AbstractExecutorService.submit(AbstractExecutorService.java:118)\r\n\tat com.intuit.karate.Suite.run(Suite.java:237)\r\n\tat com.intuit.karate.Runner$Builder.parallel(Runner.java:496)\r\n\tat acceptance.test.GeneralRunner.testParallel(GeneralRunner.java:25)\r\n\tat java.base\/jdk.internal.reflect.NativeMethodAccessorImpl.invoke0(Native Method)\r\n\tat java.base\/jdk.internal.reflect.NativeMethodAccessorImpl.invoke(NativeMethodAccessorImpl.java:62)\r\n\tat java.base\/jdk.internal.reflect.DelegatingMethodAccessorImpl.invoke(DelegatingMethodAccessorImpl.java:43)\r\n\tat java.base\/java.lang.reflect.Method.invoke(Method.java:566)\r\n\tat org.junit.platform.commons.util.ReflectionUtils.invokeMethod(ReflectionUtils.java:688)\r\n\tat org.junit.jupiter.engine.execution.MethodInvocation.proceed(MethodInvocation.java:60)\r\n\tat org.junit.jupiter.engine.execution.InvocationInterceptorChain$ValidatingInvocation.proceed(InvocationInterceptorChain.java:131)\r\n\tat org.junit.jupiter.engine.extension.TimeoutExtension.intercept(TimeoutExtension.java:149)\r\n\tat org.junit.jupiter.engine.extension.TimeoutExtension.interceptTestableMethod(TimeoutExtension.java:140)\r\n\tat org.junit.jupiter.engine.extension.TimeoutExtension.interceptTestMethod(TimeoutExtension.java:84)\r\n\tat org.junit.jupiter.engine.execution.ExecutableInvoker$ReflectiveInterceptorCall.lambda$ofVoidMethod$0(ExecutableInvoker.java:115)\r\n\tat org.junit.jupiter.engine.execution.ExecutableInvoker.lambda$invoke$0(ExecutableInvoker.java:105)\r\n\tat org.junit.jupiter.engine.execution.InvocationInterceptorChain$InterceptedInvocation.proceed(InvocationInterceptorChain.java:106)\r\n\tat org.junit.jupiter.engine.execution.InvocationInterceptorChain.proceed(InvocationInterceptorChain.java:64)\r\n\tat org.junit.jupiter.engine.execution.InvocationInterceptorChain.chainAndInvoke(InvocationInterceptorChain.java:45)\r\n\tat org.junit.jupiter.engine.execution.InvocationInterceptorChain.invoke(InvocationInterceptorChain.java:37)\r\n\tat org.junit.jupiter.engine.execution.ExecutableInvoker.invoke(ExecutableInvoker.java:104)\r\n\tat org.junit.jupiter.engine.execution.ExecutableInvoker.invoke(ExecutableInvoker.java:98)\r\n\tat org.junit.jupiter.engine.descriptor.TestMethodTestDescriptor.lambda$invokeTestMethod$6(TestMethodTestDescriptor.java:210)\r\n\tat org.junit.platform.engine.support.hierarchical.ThrowableCollector.execute(ThrowableCollector.java:73)\r\n\tat org.junit.jupiter.engine.descriptor.TestMethodTestDescriptor.invokeTestMethod(TestMethodTestDescriptor.java:206)\r\n\tat org.junit.jupiter.engine.descriptor.TestMethodTestDescriptor.execute(TestMethodTestDescriptor.java:131)\r\n\tat org.junit.jupiter.engine.descriptor.TestMethodTestDescriptor.execute(TestMethodTestDescriptor.java:65)\r\n\tat org.junit.platform.engine.support.hierarchical.NodeTestTask.lambda$executeRecursively$5(NodeTestTask.java:139)\r\n\tat org.junit.platform.engine.support.hierarchical.ThrowableCollector.execute(ThrowableCollector.java:73)\r\n\tat org.junit.platform.engine.support.hierarchical.NodeTestTask.lambda$executeRecursively$7(NodeTestTask.java:129)\r\n\tat org.junit.platform.engine.support.hierarchical.Node.around(Node.java:137)\r\n\tat org.junit.platform.engine.support.hierarchical.NodeTestTask.lambda$executeRecursively$8(NodeTestTask.java:127)\r\n\tat org.junit.platform.engine.support.hierarchical.ThrowableCollector.execute(ThrowableCollector.java:73)\r\n\tat org.junit.platform.engine.support.hierarchical.NodeTestTask.executeRecursively(NodeTestTask.java:126)\r\n\tat org.junit.platform.engine.support.hierarchical.NodeTestTask.execute(NodeTestTask.java:84)\r\n\tat java.base\/java.util.ArrayList.forEach(ArrayList.java:1541)\r\n\tat org.junit.platform.engine.support.hierarchical.SameThreadHierarchicalTestExecutorService.invokeAll(SameThreadHierarchicalTestExecutorService.java:38)\r\n\tat org.junit.platform.engine.support.hierarchical.NodeTestTask.lambda$executeRecursively$5(NodeTestTask.java:143)\r\n\tat org.junit.platform.engine.support.hierarchical.ThrowableCollector.execute(ThrowableCollector.java:73)\r\n\tat org.junit.platform.engine.support.hierarchical.NodeTestTask.lambda$executeRecursively$7(NodeTestTask.java:129)\r\n\tat org.junit.platform.engine.support.hierarchical.Node.around(Node.java:137)\r\n\tat org.junit.platform.engine.support.hierarchical.NodeTestTask.lambda$executeRecursively$8(NodeTestTask.java:127)\r\n\tat org.junit.platform.engine.support.hierarchical.ThrowableCollector.execute(ThrowableCollector.java:73)\r\n\tat org.junit.platform.engine.support.hierarchical.NodeTestTask.executeRecursively(NodeTestTask.java:126)\r\n\tat org.junit.platform.engine.support.hierarchical.NodeTestTask.execute(NodeTestTask.java:84)\r\n\tat java.base\/java.util.ArrayList.forEach(ArrayList.java:1541)\r\n\tat org.junit.platform.engine.support.hierarchical.SameThreadHierarchicalTestExecutorService.invokeAll(SameThreadHierarchicalTestExecutorService.java:38)\r\n\tat org.junit.platform.engine.support.hierarchical.NodeTestTask.lambda$executeRecursively$5(NodeTestTask.java:143)\r\n\tat org.junit.platform.engine.support.hierarchical.ThrowableCollector.execute(ThrowableCollector.java:73)\r\n\tat org.junit.platform.engine.support.hierarchical.NodeTestTask.lambda$executeRecursively$7(NodeTestTask.java:129)\r\n\tat org.junit.platform.engine.support.hierarchical.Node.around(Node.java:137)\r\n\tat org.junit.platform.engine.support.hierarchical.NodeTestTask.lambda$executeRecursively$8(NodeTestTask.java:127)\r\n\tat org.junit.platform.engine.support.hierarchical.ThrowableCollector.execute(ThrowableCollector.java:73)\r\n\tat org.junit.platform.engine.support.hierarchical.NodeTestTask.executeRecursively(NodeTestTask.java:126)\r\n\tat org.junit.platform.engine.support.hierarchical.NodeTestTask.execute(NodeTestTask.java:84)\r\n\tat org.junit.platform.engine.support.hierarchical.SameThreadHierarchicalTestExecutorService.submit(SameThreadHierarchicalTestExecutorService.java:32)\r\n\tat org.junit.platform.engine.support.hierarchical.HierarchicalTestExecutor.execute(HierarchicalTestExecutor.java:57)\r\n\tat org.junit.platform.engine.support.hierarchical.HierarchicalTestEngine.execute(HierarchicalTestEngine.java:51)\r\n\tat org.junit.platform.launcher.core.EngineExecutionOrchestrator.execute(EngineExecutionOrchestrator.java:108)\r\n\tat org.junit.platform.launcher.core.EngineExecutionOrchestrator.execute(EngineExecutionOrchestrator.java:88)\r\n\tat org.junit.platform.launcher.core.EngineExecutionOrchestrator.lambda$execute$0(EngineExecutionOrchestrator.java:54)\r\n\tat org.junit.platform.launcher.core.EngineExecutionOrchestrator.withInterceptedStreams(EngineExecutionOrchestrator.java:67)\r\n\tat org.junit.platform.launcher.core.EngineExecutionOrchestrator.execute(EngineExecutionOrchestrator.java:52)\r\n\tat org.junit.platform.launcher.core.DefaultLauncher.execute(DefaultLauncher.java:96)\r\n\tat org.junit.platform.launcher.core.DefaultLauncher.execute(DefaultLauncher.java:75)\r\n\tat com.intellij.junit5.JUnit5IdeaTestRunner.startRunnerWithArgs(JUnit5IdeaTestRunner.java:71)\r\n\tat com.intellij.rt.junit.IdeaTestRunner$Repeater$1.execute(IdeaTestRunner.java:38)\r\n\tat com.intellij.rt.execution.junit.TestsRepeater.repeat(TestsRepeater.java:11)\r\n\tat com.intellij.rt.junit.IdeaTestRunner$Repeater.startRunnerWithArgs(IdeaTestRunner.java:35)\r\n\tat com.intellij.rt.junit.JUnitStarter.prepareStreamsAndStart(JUnitStarter.java:235)\r\n\tat com.intellij.rt.junit.JUnitStarter.main(JUnitStarter.java:54)\r\n\n"}],"line":92,"description":"","durationMillis":0.0,"failed":true,"error":"Could not find option with name js.ecmascript-version.\nclasspath:acceptance\/test\/java\/features\/prueba-tecnica.feature:92","tags":["regression"],"executorName":null,"name":"Dado que se carga un archivo de recaudo con datos correctamente con usuarios que recibir치n un link de pago, al procesarse el archivo se persisten en BD los recaudo creados exitosamente","startTime":0,"refId":"[1.1:92]","endTime":1734318465497,"exampleData":{"clientCode":"TEST01","pathJsonFileSqsEvents":"src\/test\/java\/acceptance\/test\/","jsonFileSqsEvents":"queueEvent.json","currentFilePath":"src\/test\/java\/acceptance\/test\/","currentFileName":"recaudoTemplateDatosCorrectos.csv","newPathNewFile":"src\/test\/resources\/testFilesToUse\/","pathJsonDataWithExpectedInformation":"src\/test\/java\/acceptance\/test\/","jsonDataWithExpectedInformation":"respuestaEsperadaDatosCorrectos.json","noveltyStatus":"VALIDATED","registerTotal":"3","validationErrorNumber":"'0'","createdNumber":"'3'","page":"1","size":"3"},"exampleIndex":0},{"sectionIndex":1,"stepResults":[{"result":{"nanos":0,"errorMessage":"Could not find option with name js.ecmascript-version.\nclasspath:acceptance\/test\/java\/features\/prueba-tecnica.feature:163","millis":0.0,"status":"failed"},"step":{"endLine":0,"line":163,"prefix":"*","index":-1,"text":"scenario [run] failed"},"stepLog":"Could not find option with name js.ecmascript-version.22:07:45.523 scenario [run] failed\njava.lang.IllegalArgumentException: Could not find option with name js.ecmascript-version.\r\n\tat org.graalvm.truffle\/com.oracle.truffle.polyglot.PolyglotEngineException.illegalArgument(PolyglotEngineException.java:131)\r\n\tat org.graalvm.truffle\/com.oracle.truffle.polyglot.OptionValuesImpl.failNotFound(OptionValuesImpl.java:274)\r\n\tat org.graalvm.truffle\/com.oracle.truffle.polyglot.PolyglotContextConfig.findObjectForContextOption(PolyglotContextConfig.java:479)\r\n\tat org.graalvm.truffle\/com.oracle.truffle.polyglot.PolyglotContextConfig.<init>(PolyglotContextConfig.java:284)\r\n\tat org.graalvm.truffle\/com.oracle.truffle.polyglot.PolyglotEngineImpl.createContext(PolyglotEngineImpl.java:1740)\r\n\tat org.graalvm.truffle\/com.oracle.truffle.polyglot.PolyglotEngineDispatch.createContext(PolyglotEngineDispatch.java:162)\r\n\tat org.graalvm.sdk\/org.graalvm.polyglot.Context$Builder.build(Context.java:1861)\r\n\tat com.intuit.karate.graal.JsEngine.createContext(JsEngine.java:79)\r\n\tat com.intuit.karate.graal.JsEngine.access$000(JsEngine.java:47)\r\n\tat com.intuit.karate.graal.JsEngine$1.initialValue(JsEngine.java:63)\r\n\tat com.intuit.karate.graal.JsEngine$1.initialValue(JsEngine.java:60)\r\n\tat java.base\/java.lang.ThreadLocal.setInitialValue(ThreadLocal.java:195)\r\n\tat java.base\/java.lang.ThreadLocal.get(ThreadLocal.java:172)\r\n\tat com.intuit.karate.graal.JsEngine.local(JsEngine.java:99)\r\n\tat com.intuit.karate.core.ScenarioEngine.init(ScenarioEngine.java:1128)\r\n\tat com.intuit.karate.core.ScenarioRuntime.beforeRun(ScenarioRuntime.java:365)\r\n\tat com.intuit.karate.core.ScenarioRuntime.run(ScenarioRuntime.java:391)\r\n\tat com.intuit.karate.core.FeatureRuntime.processScenario(FeatureRuntime.java:199)\r\n\tat java.base\/java.util.Iterator.forEachRemaining(Iterator.java:133)\r\n\tat com.intuit.karate.core.FeatureRuntime.run(FeatureRuntime.java:182)\r\n\tat java.base\/java.util.concurrent.Executors$RunnableAdapter.call(Executors.java:515)\r\n\tat java.base\/java.util.concurrent.FutureTask.run(FutureTask.java:264)\r\n\tat com.intuit.karate.core.SyncExecutorService.execute(SyncExecutorService.java:70)\r\n\tat java.base\/java.util.concurrent.AbstractExecutorService.submit(AbstractExecutorService.java:118)\r\n\tat com.intuit.karate.Suite.run(Suite.java:237)\r\n\tat com.intuit.karate.Runner$Builder.parallel(Runner.java:496)\r\n\tat acceptance.test.GeneralRunner.testParallel(GeneralRunner.java:25)\r\n\tat java.base\/jdk.internal.reflect.NativeMethodAccessorImpl.invoke0(Native Method)\r\n\tat java.base\/jdk.internal.reflect.NativeMethodAccessorImpl.invoke(NativeMethodAccessorImpl.java:62)\r\n\tat java.base\/jdk.internal.reflect.DelegatingMethodAccessorImpl.invoke(DelegatingMethodAccessorImpl.java:43)\r\n\tat java.base\/java.lang.reflect.Method.invoke(Method.java:566)\r\n\tat org.junit.platform.commons.util.ReflectionUtils.invokeMethod(ReflectionUtils.java:688)\r\n\tat org.junit.jupiter.engine.execution.MethodInvocation.proceed(MethodInvocation.java:60)\r\n\tat org.junit.jupiter.engine.execution.InvocationInterceptorChain$ValidatingInvocation.proceed(InvocationInterceptorChain.java:131)\r\n\tat org.junit.jupiter.engine.extension.TimeoutExtension.intercept(TimeoutExtension.java:149)\r\n\tat org.junit.jupiter.engine.extension.TimeoutExtension.interceptTestableMethod(TimeoutExtension.java:140)\r\n\tat org.junit.jupiter.engine.extension.TimeoutExtension.interceptTestMethod(TimeoutExtension.java:84)\r\n\tat org.junit.jupiter.engine.execution.ExecutableInvoker$ReflectiveInterceptorCall.lambda$ofVoidMethod$0(ExecutableInvoker.java:115)\r\n\tat org.junit.jupiter.engine.execution.ExecutableInvoker.lambda$invoke$0(ExecutableInvoker.java:105)\r\n\tat org.junit.jupiter.engine.execution.InvocationInterceptorChain$InterceptedInvocation.proceed(InvocationInterceptorChain.java:106)\r\n\tat org.junit.jupiter.engine.execution.InvocationInterceptorChain.proceed(InvocationInterceptorChain.java:64)\r\n\tat org.junit.jupiter.engine.execution.InvocationInterceptorChain.chainAndInvoke(InvocationInterceptorChain.java:45)\r\n\tat org.junit.jupiter.engine.execution.InvocationInterceptorChain.invoke(InvocationInterceptorChain.java:37)\r\n\tat org.junit.jupiter.engine.execution.ExecutableInvoker.invoke(ExecutableInvoker.java:104)\r\n\tat org.junit.jupiter.engine.execution.ExecutableInvoker.invoke(ExecutableInvoker.java:98)\r\n\tat org.junit.jupiter.engine.descriptor.TestMethodTestDescriptor.lambda$invokeTestMethod$6(TestMethodTestDescriptor.java:210)\r\n\tat org.junit.platform.engine.support.hierarchical.ThrowableCollector.execute(ThrowableCollector.java:73)\r\n\tat org.junit.jupiter.engine.descriptor.TestMethodTestDescriptor.invokeTestMethod(TestMethodTestDescriptor.java:206)\r\n\tat org.junit.jupiter.engine.descriptor.TestMethodTestDescriptor.execute(TestMethodTestDescriptor.java:131)\r\n\tat org.junit.jupiter.engine.descriptor.TestMethodTestDescriptor.execute(TestMethodTestDescriptor.java:65)\r\n\tat org.junit.platform.engine.support.hierarchical.NodeTestTask.lambda$executeRecursively$5(NodeTestTask.java:139)\r\n\tat org.junit.platform.engine.support.hierarchical.ThrowableCollector.execute(ThrowableCollector.java:73)\r\n\tat org.junit.platform.engine.support.hierarchical.NodeTestTask.lambda$executeRecursively$7(NodeTestTask.java:129)\r\n\tat org.junit.platform.engine.support.hierarchical.Node.around(Node.java:137)\r\n\tat org.junit.platform.engine.support.hierarchical.NodeTestTask.lambda$executeRecursively$8(NodeTestTask.java:127)\r\n\tat org.junit.platform.engine.support.hierarchical.ThrowableCollector.execute(ThrowableCollector.java:73)\r\n\tat org.junit.platform.engine.support.hierarchical.NodeTestTask.executeRecursively(NodeTestTask.java:126)\r\n\tat org.junit.platform.engine.support.hierarchical.NodeTestTask.execute(NodeTestTask.java:84)\r\n\tat java.base\/java.util.ArrayList.forEach(ArrayList.java:1541)\r\n\tat org.junit.platform.engine.support.hierarchical.SameThreadHierarchicalTestExecutorService.invokeAll(SameThreadHierarchicalTestExecutorService.java:38)\r\n\tat org.junit.platform.engine.support.hierarchical.NodeTestTask.lambda$executeRecursively$5(NodeTestTask.java:143)\r\n\tat org.junit.platform.engine.support.hierarchical.ThrowableCollector.execute(ThrowableCollector.java:73)\r\n\tat org.junit.platform.engine.support.hierarchical.NodeTestTask.lambda$executeRecursively$7(NodeTestTask.java:129)\r\n\tat org.junit.platform.engine.support.hierarchical.Node.around(Node.java:137)\r\n\tat org.junit.platform.engine.support.hierarchical.NodeTestTask.lambda$executeRecursively$8(NodeTestTask.java:127)\r\n\tat org.junit.platform.engine.support.hierarchical.ThrowableCollector.execute(ThrowableCollector.java:73)\r\n\tat org.junit.platform.engine.support.hierarchical.NodeTestTask.executeRecursively(NodeTestTask.java:126)\r\n\tat org.junit.platform.engine.support.hierarchical.NodeTestTask.execute(NodeTestTask.java:84)\r\n\tat java.base\/java.util.ArrayList.forEach(ArrayList.java:1541)\r\n\tat org.junit.platform.engine.support.hierarchical.SameThreadHierarchicalTestExecutorService.invokeAll(SameThreadHierarchicalTestExecutorService.java:38)\r\n\tat org.junit.platform.engine.support.hierarchical.NodeTestTask.lambda$executeRecursively$5(NodeTestTask.java:143)\r\n\tat org.junit.platform.engine.support.hierarchical.ThrowableCollector.execute(ThrowableCollector.java:73)\r\n\tat org.junit.platform.engine.support.hierarchical.NodeTestTask.lambda$executeRecursively$7(NodeTestTask.java:129)\r\n\tat org.junit.platform.engine.support.hierarchical.Node.around(Node.java:137)\r\n\tat org.junit.platform.engine.support.hierarchical.NodeTestTask.lambda$executeRecursively$8(NodeTestTask.java:127)\r\n\tat org.junit.platform.engine.support.hierarchical.ThrowableCollector.execute(ThrowableCollector.java:73)\r\n\tat org.junit.platform.engine.support.hierarchical.NodeTestTask.executeRecursively(NodeTestTask.java:126)\r\n\tat org.junit.platform.engine.support.hierarchical.NodeTestTask.execute(NodeTestTask.java:84)\r\n\tat org.junit.platform.engine.support.hierarchical.SameThreadHierarchicalTestExecutorService.submit(SameThreadHierarchicalTestExecutorService.java:32)\r\n\tat org.junit.platform.engine.support.hierarchical.HierarchicalTestExecutor.execute(HierarchicalTestExecutor.java:57)\r\n\tat org.junit.platform.engine.support.hierarchical.HierarchicalTestEngine.execute(HierarchicalTestEngine.java:51)\r\n\tat org.junit.platform.launcher.core.EngineExecutionOrchestrator.execute(EngineExecutionOrchestrator.java:108)\r\n\tat org.junit.platform.launcher.core.EngineExecutionOrchestrator.execute(EngineExecutionOrchestrator.java:88)\r\n\tat org.junit.platform.launcher.core.EngineExecutionOrchestrator.lambda$execute$0(EngineExecutionOrchestrator.java:54)\r\n\tat org.junit.platform.launcher.core.EngineExecutionOrchestrator.withInterceptedStreams(EngineExecutionOrchestrator.java:67)\r\n\tat org.junit.platform.launcher.core.EngineExecutionOrchestrator.execute(EngineExecutionOrchestrator.java:52)\r\n\tat org.junit.platform.launcher.core.DefaultLauncher.execute(DefaultLauncher.java:96)\r\n\tat org.junit.platform.launcher.core.DefaultLauncher.execute(DefaultLauncher.java:75)\r\n\tat com.intellij.junit5.JUnit5IdeaTestRunner.startRunnerWithArgs(JUnit5IdeaTestRunner.java:71)\r\n\tat com.intellij.rt.junit.IdeaTestRunner$Repeater$1.execute(IdeaTestRunner.java:38)\r\n\tat com.intellij.rt.execution.junit.TestsRepeater.repeat(TestsRepeater.java:11)\r\n\tat com.intellij.rt.junit.IdeaTestRunner$Repeater.startRunnerWithArgs(IdeaTestRunner.java:35)\r\n\tat com.intellij.rt.junit.JUnitStarter.prepareStreamsAndStart(JUnitStarter.java:235)\r\n\tat com.intellij.rt.junit.JUnitStarter.main(JUnitStarter.java:54)\r\n\n"}],"line":163,"description":"","durationMillis":0.0,"failed":true,"error":"Could not find option with name js.ecmascript-version.\nclasspath:acceptance\/test\/java\/features\/prueba-tecnica.feature:163","tags":["regression"],"executorName":null,"name":"Dado que se carga un archivo de recaudo con datos que contienen caracteres especiales, al procesarse el archivo se verificar치 la informaci칩n y se persistir치n en BD con el detalle del error","startTime":0,"refId":"[2.1:163]","endTime":1734318465523,"exampleData":{"clientCode":"TEST01","pathJsonFileSqsEvents":"src\/test\/java\/acceptance\/test\/","jsonFileSqsEvents":"queueEvent.json","currentFilePath":"src\/test\/java\/acceptance\/test\/","currentFileName":"recaudoTemplateCaracteresEspeciales.csv","newPathNewFile":"src\/test\/resources\/testFilesToUse\/","pathJsonDataWithExpectedInformation":"src\/test\/java\/acceptance\/test\/","jsonDataWithExpectedInformation":"respuestaEsperadaCaracteresEspeciales.json","noveltyStatus":"VALIDATED","registerTotal":"2","validationErrorNumber":"'2'","createdNumber":"'0'","page":"1","size":"2"},"exampleIndex":0}],"callDepth":0,"name":"sample karate test script","description":"","resultDate":"2024-12-15 10:07:45 p. m.","durationMillis":0.0,"passedCount":0}